#-----------------------------------------------------------
# Vivado v2016.4 (64-bit)
# SW Build 1756540 on Mon Jan 23 19:11:23 MST 2017
# IP Build 1755317 on Mon Jan 23 20:30:07 MST 2017
# Start of session at: Thu Jun 01 10:50:41 2017
# Process ID: 6264
# Current directory: F:/VivadoProject/MobileCharger
# Command line: vivado.exe -gui_launcher_event rodinguilauncherevent2544 F:\VivadoProject\MobileCharger\MobileCharger.xpr
# Log file: F:/VivadoProject/MobileCharger/vivado.log
# Journal file: F:/VivadoProject/MobileCharger\vivado.jou
#-----------------------------------------------------------
start_gui
open_project F:/VivadoProject/MobileCharger/MobileCharger.xpr
Scanning sources...
Finished scanning sources
INFO: [IP_Flow 19-234] Refreshing IP repositories
INFO: [IP_Flow 19-1704] No user IP repositories specified
INFO: [IP_Flow 19-2313] Loaded Vivado IP repository 'E:/Vivado/install/Vivado/2016.4/data/ip'.
open_project: Time (s): cpu = 00:00:15 ; elapsed = 00:00:14 . Memory (MB): peak = 796.652 ; gain = 124.633
set_property top ControlCircuit [current_fileset]
set_property top ControlCircuit_tb [get_filesets sim_1]
set_property top_lib xil_defaultlib [get_filesets sim_1]
reset_run synth_1
launch_runs synth_1 -jobs 2
INFO: [HDL 9-2216] Analyzing Verilog file "F:/VivadoProject/MobileCharger/MobileCharger.srcs/sources_1/new/ControlCircuit.v" into library work [F:/VivadoProject/MobileCharger/MobileCharger.srcs/sources_1/new/ControlCircuit.v:1]
INFO: [HDL 9-2216] Analyzing Verilog file "F:/VivadoProject/MobileCharger/MobileCharger.srcs/sources_1/new/CoreState.v" into library work [F:/VivadoProject/MobileCharger/MobileCharger.srcs/sources_1/new/CoreState.v:1]
INFO: [HDL 9-2216] Analyzing Verilog file "F:/VivadoProject/MobileCharger/MobileCharger.srcs/sources_1/new/DISP.v" into library work [F:/VivadoProject/MobileCharger/MobileCharger.srcs/sources_1/new/DISP.v:1]
INFO: [HDL 9-2216] Analyzing Verilog file "F:/VivadoProject/MobileCharger/MobileCharger.srcs/sources_1/new/DISP_Scan.v" into library work [F:/VivadoProject/MobileCharger/MobileCharger.srcs/sources_1/new/DISP_Scan.v:1]
INFO: [HDL 9-2216] Analyzing Verilog file "F:/VivadoProject/MobileCharger/MobileCharger.srcs/sources_1/new/DISP_Select.v" into library work [F:/VivadoProject/MobileCharger/MobileCharger.srcs/sources_1/new/DISP_Select.v:1]
INFO: [HDL 9-2216] Analyzing Verilog file "F:/VivadoProject/MobileCharger/MobileCharger.srcs/sources_1/new/DelayPosedge.v" into library work [F:/VivadoProject/MobileCharger/MobileCharger.srcs/sources_1/new/DelayPosedge.v:1]
INFO: [HDL 9-2216] Analyzing Verilog file "F:/VivadoProject/MobileCharger/MobileCharger.srcs/sources_1/new/FreqDiv.v" into library work [F:/VivadoProject/MobileCharger/MobileCharger.srcs/sources_1/new/FreqDiv.v:1]
INFO: [HDL 9-2216] Analyzing Verilog file "F:/VivadoProject/MobileCharger/MobileCharger.srcs/sources_1/new/KeyDriver.v" into library work [F:/VivadoProject/MobileCharger/MobileCharger.srcs/sources_1/new/KeyDriver.v:1]
INFO: [HDL 9-2216] Analyzing Verilog file "F:/VivadoProject/MobileCharger/MobileCharger.srcs/sources_1/new/Keyboard_Driver.v" into library work [F:/VivadoProject/MobileCharger/MobileCharger.srcs/sources_1/new/Keyboard_Driver.v:1]
INFO: [HDL 9-2216] Analyzing Verilog file "F:/VivadoProject/MobileCharger/MobileCharger.srcs/sources_1/new/MobileCharge_TEST.v" into library work [F:/VivadoProject/MobileCharger/MobileCharger.srcs/sources_1/new/MobileCharge_TEST.v:1]
INFO: [HDL 9-2216] Analyzing Verilog file "F:/VivadoProject/MobileCharger/MobileCharger.srcs/sources_1/new/MobileCharger_TOP.v" into library work [F:/VivadoProject/MobileCharger/MobileCharger.srcs/sources_1/new/MobileCharger_TOP.v:1]
INFO: [HDL 9-2216] Analyzing Verilog file "F:/VivadoProject/MobileCharger/MobileCharger.srcs/sources_1/new/Money_Time.v" into library work [F:/VivadoProject/MobileCharger/MobileCharger.srcs/sources_1/new/Money_Time.v:1]
INFO: [HDL 9-2216] Analyzing Verilog file "F:/VivadoProject/MobileCharger/MobileCharger.srcs/sources_1/new/PosedgeShift.v" into library work [F:/VivadoProject/MobileCharger/MobileCharger.srcs/sources_1/new/PosedgeShift.v:1]
INFO: [HDL 9-2216] Analyzing Verilog file "F:/VivadoProject/MobileCharger/MobileCharger.srcs/sources_1/new/PreKey.v" into library work [F:/VivadoProject/MobileCharger/MobileCharger.srcs/sources_1/new/PreKey.v:1]
INFO: [HDL 9-2216] Analyzing Verilog file "F:/VivadoProject/MobileCharger/MobileCharger.srcs/sources_1/new/Shift.v" into library work [F:/VivadoProject/MobileCharger/MobileCharger.srcs/sources_1/new/Shift.v:1]
INFO: [HDL 9-2216] Analyzing Verilog file "F:/VivadoProject/MobileCharger/MobileCharger.srcs/sources_1/new/SlakeCol.v" into library work [F:/VivadoProject/MobileCharger/MobileCharger.srcs/sources_1/new/SlakeCol.v:1]
INFO: [HDL 9-2216] Analyzing Verilog file "F:/VivadoProject/MobileCharger/MobileCharger.srcs/sources_1/new/StartButton.v" into library work [F:/VivadoProject/MobileCharger/MobileCharger.srcs/sources_1/new/StartButton.v:1]
INFO: [HDL 9-2216] Analyzing Verilog file "F:/VivadoProject/MobileCharger/MobileCharger.srcs/sources_1/new/TensTimer.v" into library work [F:/VivadoProject/MobileCharger/MobileCharger.srcs/sources_1/new/TensTimer.v:1]
INFO: [HDL 9-2216] Analyzing Verilog file "F:/VivadoProject/MobileCharger/MobileCharger.srcs/sources_1/new/TimeCountDown.v" into library work [F:/VivadoProject/MobileCharger/MobileCharger.srcs/sources_1/new/TimeCountDown.v:1]
[Thu Jun 01 10:52:00 2017] Launched synth_1...
Run output will be captured here: F:/VivadoProject/MobileCharger/MobileCharger.runs/synth_1/runme.log
launch_simulation -mode post-synthesis -type timing
INFO: [SIM-utils-51] Simulation object is 'sim_1'
Design is defaulting to impl run constrset: constrs_1
Design is defaulting to synth run part: xc7a35tcpg236-1
INFO: [Netlist 29-17] Analyzing 12 Unisim elements for replacement
INFO: [Netlist 29-28] Unisim Transformation completed in 0 CPU seconds
INFO: [Project 1-479] Netlist was created with Vivado 2016.4
INFO: [Device 21-403] Loading part xc7a35tcpg236-1
INFO: [Project 1-570] Preparing netlist for logic optimization
Parsing XDC File [F:/VivadoProject/MobileCharger/MobileCharger.srcs/constrs_1/new/MoblieCharger_PIN.xdc]
WARNING: [Vivado 12-584] No ports matched 'col[3]'. [F:/VivadoProject/MobileCharger/MobileCharger.srcs/constrs_1/new/MoblieCharger_PIN.xdc:1]
CRITICAL WARNING: [Common 17-55] 'set_property' expects at least one object. [F:/VivadoProject/MobileCharger/MobileCharger.srcs/constrs_1/new/MoblieCharger_PIN.xdc:1]
Resolution: If [get_<value>] was used to populate the object, check to make sure this command returns at least one valid object.
WARNING: [Vivado 12-584] No ports matched 'col[2]'. [F:/VivadoProject/MobileCharger/MobileCharger.srcs/constrs_1/new/MoblieCharger_PIN.xdc:2]
CRITICAL WARNING: [Common 17-55] 'set_property' expects at least one object. [F:/VivadoProject/MobileCharger/MobileCharger.srcs/constrs_1/new/MoblieCharger_PIN.xdc:2]
Resolution: If [get_<value>] was used to populate the object, check to make sure this command returns at least one valid object.
WARNING: [Vivado 12-584] No ports matched 'col[1]'. [F:/VivadoProject/MobileCharger/MobileCharger.srcs/constrs_1/new/MoblieCharger_PIN.xdc:3]
CRITICAL WARNING: [Common 17-55] 'set_property' expects at least one object. [F:/VivadoProject/MobileCharger/MobileCharger.srcs/constrs_1/new/MoblieCharger_PIN.xdc:3]
Resolution: If [get_<value>] was used to populate the object, check to make sure this command returns at least one valid object.
WARNING: [Vivado 12-584] No ports matched 'col[0]'. [F:/VivadoProject/MobileCharger/MobileCharger.srcs/constrs_1/new/MoblieCharger_PIN.xdc:4]
CRITICAL WARNING: [Common 17-55] 'set_property' expects at least one object. [F:/VivadoProject/MobileCharger/MobileCharger.srcs/constrs_1/new/MoblieCharger_PIN.xdc:4]
Resolution: If [get_<value>] was used to populate the object, check to make sure this command returns at least one valid object.
WARNING: [Vivado 12-584] No ports matched 'led_n[1]'. [F:/VivadoProject/MobileCharger/MobileCharger.srcs/constrs_1/new/MoblieCharger_PIN.xdc:5]
CRITICAL WARNING: [Common 17-55] 'set_property' expects at least one object. [F:/VivadoProject/MobileCharger/MobileCharger.srcs/constrs_1/new/MoblieCharger_PIN.xdc:5]
Resolution: If [get_<value>] was used to populate the object, check to make sure this command returns at least one valid object.
WARNING: [Vivado 12-584] No ports matched 'led_n[2]'. [F:/VivadoProject/MobileCharger/MobileCharger.srcs/constrs_1/new/MoblieCharger_PIN.xdc:6]
CRITICAL WARNING: [Common 17-55] 'set_property' expects at least one object. [F:/VivadoProject/MobileCharger/MobileCharger.srcs/constrs_1/new/MoblieCharger_PIN.xdc:6]
Resolution: If [get_<value>] was used to populate the object, check to make sure this command returns at least one valid object.
WARNING: [Vivado 12-584] No ports matched 'led_n[3]'. [F:/VivadoProject/MobileCharger/MobileCharger.srcs/constrs_1/new/MoblieCharger_PIN.xdc:7]
CRITICAL WARNING: [Common 17-55] 'set_property' expects at least one object. [F:/VivadoProject/MobileCharger/MobileCharger.srcs/constrs_1/new/MoblieCharger_PIN.xdc:7]
Resolution: If [get_<value>] was used to populate the object, check to make sure this command returns at least one valid object.
WARNING: [Vivado 12-584] No ports matched 'led_n[4]'. [F:/VivadoProject/MobileCharger/MobileCharger.srcs/constrs_1/new/MoblieCharger_PIN.xdc:8]
CRITICAL WARNING: [Common 17-55] 'set_property' expects at least one object. [F:/VivadoProject/MobileCharger/MobileCharger.srcs/constrs_1/new/MoblieCharger_PIN.xdc:8]
Resolution: If [get_<value>] was used to populate the object, check to make sure this command returns at least one valid object.
WARNING: [Vivado 12-584] No ports matched 'led_n[5]'. [F:/VivadoProject/MobileCharger/MobileCharger.srcs/constrs_1/new/MoblieCharger_PIN.xdc:9]
CRITICAL WARNING: [Common 17-55] 'set_property' expects at least one object. [F:/VivadoProject/MobileCharger/MobileCharger.srcs/constrs_1/new/MoblieCharger_PIN.xdc:9]
Resolution: If [get_<value>] was used to populate the object, check to make sure this command returns at least one valid object.
WARNING: [Vivado 12-584] No ports matched 'led_n[6]'. [F:/VivadoProject/MobileCharger/MobileCharger.srcs/constrs_1/new/MoblieCharger_PIN.xdc:10]
CRITICAL WARNING: [Common 17-55] 'set_property' expects at least one object. [F:/VivadoProject/MobileCharger/MobileCharger.srcs/constrs_1/new/MoblieCharger_PIN.xdc:10]
Resolution: If [get_<value>] was used to populate the object, check to make sure this command returns at least one valid object.
WARNING: [Vivado 12-584] No ports matched 'led_n[7]'. [F:/VivadoProject/MobileCharger/MobileCharger.srcs/constrs_1/new/MoblieCharger_PIN.xdc:11]
CRITICAL WARNING: [Common 17-55] 'set_property' expects at least one object. [F:/VivadoProject/MobileCharger/MobileCharger.srcs/constrs_1/new/MoblieCharger_PIN.xdc:11]
Resolution: If [get_<value>] was used to populate the object, check to make sure this command returns at least one valid object.
WARNING: [Vivado 12-584] No ports matched 'led_n[8]'. [F:/VivadoProject/MobileCharger/MobileCharger.srcs/constrs_1/new/MoblieCharger_PIN.xdc:12]
CRITICAL WARNING: [Common 17-55] 'set_property' expects at least one object. [F:/VivadoProject/MobileCharger/MobileCharger.srcs/constrs_1/new/MoblieCharger_PIN.xdc:12]
Resolution: If [get_<value>] was used to populate the object, check to make sure this command returns at least one valid object.
WARNING: [Vivado 12-584] No ports matched 'row[3]'. [F:/VivadoProject/MobileCharger/MobileCharger.srcs/constrs_1/new/MoblieCharger_PIN.xdc:13]
CRITICAL WARNING: [Common 17-55] 'set_property' expects at least one object. [F:/VivadoProject/MobileCharger/MobileCharger.srcs/constrs_1/new/MoblieCharger_PIN.xdc:13]
Resolution: If [get_<value>] was used to populate the object, check to make sure this command returns at least one valid object.
WARNING: [Vivado 12-584] No ports matched 'row[2]'. [F:/VivadoProject/MobileCharger/MobileCharger.srcs/constrs_1/new/MoblieCharger_PIN.xdc:14]
CRITICAL WARNING: [Common 17-55] 'set_property' expects at least one object. [F:/VivadoProject/MobileCharger/MobileCharger.srcs/constrs_1/new/MoblieCharger_PIN.xdc:14]
Resolution: If [get_<value>] was used to populate the object, check to make sure this command returns at least one valid object.
WARNING: [Vivado 12-584] No ports matched 'row[1]'. [F:/VivadoProject/MobileCharger/MobileCharger.srcs/constrs_1/new/MoblieCharger_PIN.xdc:15]
CRITICAL WARNING: [Common 17-55] 'set_property' expects at least one object. [F:/VivadoProject/MobileCharger/MobileCharger.srcs/constrs_1/new/MoblieCharger_PIN.xdc:15]
Resolution: If [get_<value>] was used to populate the object, check to make sure this command returns at least one valid object.
WARNING: [Vivado 12-584] No ports matched 'row[0]'. [F:/VivadoProject/MobileCharger/MobileCharger.srcs/constrs_1/new/MoblieCharger_PIN.xdc:16]
CRITICAL WARNING: [Common 17-55] 'set_property' expects at least one object. [F:/VivadoProject/MobileCharger/MobileCharger.srcs/constrs_1/new/MoblieCharger_PIN.xdc:16]
Resolution: If [get_<value>] was used to populate the object, check to make sure this command returns at least one valid object.
WARNING: [Vivado 12-584] No ports matched 'AN[0]'. [F:/VivadoProject/MobileCharger/MobileCharger.srcs/constrs_1/new/MoblieCharger_PIN.xdc:17]
CRITICAL WARNING: [Common 17-55] 'set_property' expects at least one object. [F:/VivadoProject/MobileCharger/MobileCharger.srcs/constrs_1/new/MoblieCharger_PIN.xdc:17]
Resolution: If [get_<value>] was used to populate the object, check to make sure this command returns at least one valid object.
WARNING: [Vivado 12-584] No ports matched 'AN[1]'. [F:/VivadoProject/MobileCharger/MobileCharger.srcs/constrs_1/new/MoblieCharger_PIN.xdc:18]
CRITICAL WARNING: [Common 17-55] 'set_property' expects at least one object. [F:/VivadoProject/MobileCharger/MobileCharger.srcs/constrs_1/new/MoblieCharger_PIN.xdc:18]
Resolution: If [get_<value>] was used to populate the object, check to make sure this command returns at least one valid object.
WARNING: [Vivado 12-584] No ports matched 'AN[2]'. [F:/VivadoProject/MobileCharger/MobileCharger.srcs/constrs_1/new/MoblieCharger_PIN.xdc:19]
CRITICAL WARNING: [Common 17-55] 'set_property' expects at least one object. [F:/VivadoProject/MobileCharger/MobileCharger.srcs/constrs_1/new/MoblieCharger_PIN.xdc:19]
Resolution: If [get_<value>] was used to populate the object, check to make sure this command returns at least one valid object.
WARNING: [Vivado 12-584] No ports matched 'AN[3]'. [F:/VivadoProject/MobileCharger/MobileCharger.srcs/constrs_1/new/MoblieCharger_PIN.xdc:20]
CRITICAL WARNING: [Common 17-55] 'set_property' expects at least one object. [F:/VivadoProject/MobileCharger/MobileCharger.srcs/constrs_1/new/MoblieCharger_PIN.xdc:20]
Resolution: If [get_<value>] was used to populate the object, check to make sure this command returns at least one valid object.
WARNING: [Vivado 12-584] No ports matched 'clk_100MHz'. [F:/VivadoProject/MobileCharger/MobileCharger.srcs/constrs_1/new/MoblieCharger_PIN.xdc:21]
CRITICAL WARNING: [Common 17-55] 'set_property' expects at least one object. [F:/VivadoProject/MobileCharger/MobileCharger.srcs/constrs_1/new/MoblieCharger_PIN.xdc:21]
Resolution: If [get_<value>] was used to populate the object, check to make sure this command returns at least one valid object.
WARNING: [Vivado 12-584] No ports matched 'row[3]'. [F:/VivadoProject/MobileCharger/MobileCharger.srcs/constrs_1/new/MoblieCharger_PIN.xdc:23]
CRITICAL WARNING: [Common 17-55] 'set_property' expects at least one object. [F:/VivadoProject/MobileCharger/MobileCharger.srcs/constrs_1/new/MoblieCharger_PIN.xdc:23]
Resolution: If [get_<value>] was used to populate the object, check to make sure this command returns at least one valid object.
WARNING: [Vivado 12-584] No ports matched 'row[2]'. [F:/VivadoProject/MobileCharger/MobileCharger.srcs/constrs_1/new/MoblieCharger_PIN.xdc:24]
CRITICAL WARNING: [Common 17-55] 'set_property' expects at least one object. [F:/VivadoProject/MobileCharger/MobileCharger.srcs/constrs_1/new/MoblieCharger_PIN.xdc:24]
Resolution: If [get_<value>] was used to populate the object, check to make sure this command returns at least one valid object.
WARNING: [Vivado 12-584] No ports matched 'row[1]'. [F:/VivadoProject/MobileCharger/MobileCharger.srcs/constrs_1/new/MoblieCharger_PIN.xdc:25]
CRITICAL WARNING: [Common 17-55] 'set_property' expects at least one object. [F:/VivadoProject/MobileCharger/MobileCharger.srcs/constrs_1/new/MoblieCharger_PIN.xdc:25]
Resolution: If [get_<value>] was used to populate the object, check to make sure this command returns at least one valid object.
WARNING: [Vivado 12-584] No ports matched 'row[0]'. [F:/VivadoProject/MobileCharger/MobileCharger.srcs/constrs_1/new/MoblieCharger_PIN.xdc:26]
CRITICAL WARNING: [Common 17-55] 'set_property' expects at least one object. [F:/VivadoProject/MobileCharger/MobileCharger.srcs/constrs_1/new/MoblieCharger_PIN.xdc:26]
Resolution: If [get_<value>] was used to populate the object, check to make sure this command returns at least one valid object.
WARNING: [Vivado 12-584] No ports matched 'clk_100MHz'. [F:/VivadoProject/MobileCharger/MobileCharger.srcs/constrs_1/new/MoblieCharger_PIN.xdc:27]
CRITICAL WARNING: [Common 17-55] 'set_property' expects at least one object. [F:/VivadoProject/MobileCharger/MobileCharger.srcs/constrs_1/new/MoblieCharger_PIN.xdc:27]
Resolution: If [get_<value>] was used to populate the object, check to make sure this command returns at least one valid object.
WARNING: [Vivado 12-584] No ports matched 'AN[0]'. [F:/VivadoProject/MobileCharger/MobileCharger.srcs/constrs_1/new/MoblieCharger_PIN.xdc:28]
CRITICAL WARNING: [Common 17-55] 'set_property' expects at least one object. [F:/VivadoProject/MobileCharger/MobileCharger.srcs/constrs_1/new/MoblieCharger_PIN.xdc:28]
Resolution: If [get_<value>] was used to populate the object, check to make sure this command returns at least one valid object.
WARNING: [Vivado 12-584] No ports matched 'AN[1]'. [F:/VivadoProject/MobileCharger/MobileCharger.srcs/constrs_1/new/MoblieCharger_PIN.xdc:29]
CRITICAL WARNING: [Common 17-55] 'set_property' expects at least one object. [F:/VivadoProject/MobileCharger/MobileCharger.srcs/constrs_1/new/MoblieCharger_PIN.xdc:29]
Resolution: If [get_<value>] was used to populate the object, check to make sure this command returns at least one valid object.
WARNING: [Vivado 12-584] No ports matched 'AN[2]'. [F:/VivadoProject/MobileCharger/MobileCharger.srcs/constrs_1/new/MoblieCharger_PIN.xdc:30]
CRITICAL WARNING: [Common 17-55] 'set_property' expects at least one object. [F:/VivadoProject/MobileCharger/MobileCharger.srcs/constrs_1/new/MoblieCharger_PIN.xdc:30]
Resolution: If [get_<value>] was used to populate the object, check to make sure this command returns at least one valid object.
WARNING: [Vivado 12-584] No ports matched 'AN[3]'. [F:/VivadoProject/MobileCharger/MobileCharger.srcs/constrs_1/new/MoblieCharger_PIN.xdc:31]
CRITICAL WARNING: [Common 17-55] 'set_property' expects at least one object. [F:/VivadoProject/MobileCharger/MobileCharger.srcs/constrs_1/new/MoblieCharger_PIN.xdc:31]
Resolution: If [get_<value>] was used to populate the object, check to make sure this command returns at least one valid object.
WARNING: [Vivado 12-584] No ports matched 'led_n[1]'. [F:/VivadoProject/MobileCharger/MobileCharger.srcs/constrs_1/new/MoblieCharger_PIN.xdc:33]
CRITICAL WARNING: [Common 17-55] 'set_property' expects at least one object. [F:/VivadoProject/MobileCharger/MobileCharger.srcs/constrs_1/new/MoblieCharger_PIN.xdc:33]
Resolution: If [get_<value>] was used to populate the object, check to make sure this command returns at least one valid object.
WARNING: [Vivado 12-584] No ports matched 'led_n[2]'. [F:/VivadoProject/MobileCharger/MobileCharger.srcs/constrs_1/new/MoblieCharger_PIN.xdc:34]
CRITICAL WARNING: [Common 17-55] 'set_property' expects at least one object. [F:/VivadoProject/MobileCharger/MobileCharger.srcs/constrs_1/new/MoblieCharger_PIN.xdc:34]
Resolution: If [get_<value>] was used to populate the object, check to make sure this command returns at least one valid object.
WARNING: [Vivado 12-584] No ports matched 'led_n[3]'. [F:/VivadoProject/MobileCharger/MobileCharger.srcs/constrs_1/new/MoblieCharger_PIN.xdc:35]
CRITICAL WARNING: [Common 17-55] 'set_property' expects at least one object. [F:/VivadoProject/MobileCharger/MobileCharger.srcs/constrs_1/new/MoblieCharger_PIN.xdc:35]
Resolution: If [get_<value>] was used to populate the object, check to make sure this command returns at least one valid object.
WARNING: [Vivado 12-584] No ports matched 'led_n[4]'. [F:/VivadoProject/MobileCharger/MobileCharger.srcs/constrs_1/new/MoblieCharger_PIN.xdc:36]
CRITICAL WARNING: [Common 17-55] 'set_property' expects at least one object. [F:/VivadoProject/MobileCharger/MobileCharger.srcs/constrs_1/new/MoblieCharger_PIN.xdc:36]
Resolution: If [get_<value>] was used to populate the object, check to make sure this command returns at least one valid object.
WARNING: [Vivado 12-584] No ports matched 'led_n[5]'. [F:/VivadoProject/MobileCharger/MobileCharger.srcs/constrs_1/new/MoblieCharger_PIN.xdc:37]
CRITICAL WARNING: [Common 17-55] 'set_property' expects at least one object. [F:/VivadoProject/MobileCharger/MobileCharger.srcs/constrs_1/new/MoblieCharger_PIN.xdc:37]
Resolution: If [get_<value>] was used to populate the object, check to make sure this command returns at least one valid object.
WARNING: [Vivado 12-584] No ports matched 'led_n[6]'. [F:/VivadoProject/MobileCharger/MobileCharger.srcs/constrs_1/new/MoblieCharger_PIN.xdc:38]
CRITICAL WARNING: [Common 17-55] 'set_property' expects at least one object. [F:/VivadoProject/MobileCharger/MobileCharger.srcs/constrs_1/new/MoblieCharger_PIN.xdc:38]
Resolution: If [get_<value>] was used to populate the object, check to make sure this command returns at least one valid object.
WARNING: [Vivado 12-584] No ports matched 'led_n[7]'. [F:/VivadoProject/MobileCharger/MobileCharger.srcs/constrs_1/new/MoblieCharger_PIN.xdc:39]
CRITICAL WARNING: [Common 17-55] 'set_property' expects at least one object. [F:/VivadoProject/MobileCharger/MobileCharger.srcs/constrs_1/new/MoblieCharger_PIN.xdc:39]
Resolution: If [get_<value>] was used to populate the object, check to make sure this command returns at least one valid object.
WARNING: [Vivado 12-584] No ports matched 'led_n[8]'. [F:/VivadoProject/MobileCharger/MobileCharger.srcs/constrs_1/new/MoblieCharger_PIN.xdc:40]
CRITICAL WARNING: [Common 17-55] 'set_property' expects at least one object. [F:/VivadoProject/MobileCharger/MobileCharger.srcs/constrs_1/new/MoblieCharger_PIN.xdc:40]
Resolution: If [get_<value>] was used to populate the object, check to make sure this command returns at least one valid object.
WARNING: [Vivado 12-584] No ports matched 'col[0]'. [F:/VivadoProject/MobileCharger/MobileCharger.srcs/constrs_1/new/MoblieCharger_PIN.xdc:41]
CRITICAL WARNING: [Common 17-55] 'set_property' expects at least one object. [F:/VivadoProject/MobileCharger/MobileCharger.srcs/constrs_1/new/MoblieCharger_PIN.xdc:41]
Resolution: If [get_<value>] was used to populate the object, check to make sure this command returns at least one valid object.
WARNING: [Vivado 12-584] No ports matched 'col[1]'. [F:/VivadoProject/MobileCharger/MobileCharger.srcs/constrs_1/new/MoblieCharger_PIN.xdc:42]
CRITICAL WARNING: [Common 17-55] 'set_property' expects at least one object. [F:/VivadoProject/MobileCharger/MobileCharger.srcs/constrs_1/new/MoblieCharger_PIN.xdc:42]
Resolution: If [get_<value>] was used to populate the object, check to make sure this command returns at least one valid object.
WARNING: [Vivado 12-584] No ports matched 'col[2]'. [F:/VivadoProject/MobileCharger/MobileCharger.srcs/constrs_1/new/MoblieCharger_PIN.xdc:43]
CRITICAL WARNING: [Common 17-55] 'set_property' expects at least one object. [F:/VivadoProject/MobileCharger/MobileCharger.srcs/constrs_1/new/MoblieCharger_PIN.xdc:43]
Resolution: If [get_<value>] was used to populate the object, check to make sure this command returns at least one valid object.
WARNING: [Vivado 12-584] No ports matched 'col[3]'. [F:/VivadoProject/MobileCharger/MobileCharger.srcs/constrs_1/new/MoblieCharger_PIN.xdc:44]
CRITICAL WARNING: [Common 17-55] 'set_property' expects at least one object. [F:/VivadoProject/MobileCharger/MobileCharger.srcs/constrs_1/new/MoblieCharger_PIN.xdc:44]
Resolution: If [get_<value>] was used to populate the object, check to make sure this command returns at least one valid object.
WARNING: [Vivado 12-584] No ports matched 'row[0]'. [F:/VivadoProject/MobileCharger/MobileCharger.srcs/constrs_1/new/MoblieCharger_PIN.xdc:45]
CRITICAL WARNING: [Common 17-55] 'set_property' expects at least one object. [F:/VivadoProject/MobileCharger/MobileCharger.srcs/constrs_1/new/MoblieCharger_PIN.xdc:45]
Resolution: If [get_<value>] was used to populate the object, check to make sure this command returns at least one valid object.
WARNING: [Vivado 12-584] No ports matched 'row[1]'. [F:/VivadoProject/MobileCharger/MobileCharger.srcs/constrs_1/new/MoblieCharger_PIN.xdc:46]
CRITICAL WARNING: [Common 17-55] 'set_property' expects at least one object. [F:/VivadoProject/MobileCharger/MobileCharger.srcs/constrs_1/new/MoblieCharger_PIN.xdc:46]
Resolution: If [get_<value>] was used to populate the object, check to make sure this command returns at least one valid object.
WARNING: [Vivado 12-584] No ports matched 'row[2]'. [F:/VivadoProject/MobileCharger/MobileCharger.srcs/constrs_1/new/MoblieCharger_PIN.xdc:47]
CRITICAL WARNING: [Common 17-55] 'set_property' expects at least one object. [F:/VivadoProject/MobileCharger/MobileCharger.srcs/constrs_1/new/MoblieCharger_PIN.xdc:47]
Resolution: If [get_<value>] was used to populate the object, check to make sure this command returns at least one valid object.
WARNING: [Vivado 12-584] No ports matched 'row[3]'. [F:/VivadoProject/MobileCharger/MobileCharger.srcs/constrs_1/new/MoblieCharger_PIN.xdc:48]
CRITICAL WARNING: [Common 17-55] 'set_property' expects at least one object. [F:/VivadoProject/MobileCharger/MobileCharger.srcs/constrs_1/new/MoblieCharger_PIN.xdc:48]
Resolution: If [get_<value>] was used to populate the object, check to make sure this command returns at least one valid object.
Finished Parsing XDC File [F:/VivadoProject/MobileCharger/MobileCharger.srcs/constrs_1/new/MoblieCharger_PIN.xdc]
INFO: [Opt 31-138] Pushed 0 inverter(s) to 0 load pin(s).
INFO: [Project 1-111] Unisim Transformation Summary:
No Unisim elements were transformed.

open_run: Time (s): cpu = 00:00:15 ; elapsed = 00:00:10 . Memory (MB): peak = 1134.813 ; gain = 324.727
INFO: [SIM-utils-24] Writing simulation netlist file for design 'synth_1'...
INFO: [SIM-utils-25] write_verilog -mode timesim -nolib -sdf_anno true -force -file "F:/VivadoProject/MobileCharger/MobileCharger.sim/sim_1/synth/timing/ControlCircuit_tb_time_synth.v"
write_verilog: Time (s): cpu = 00:00:27 ; elapsed = 00:00:14 . Memory (MB): peak = 1216.871 ; gain = 82.059
INFO: [SIM-utils-27] Writing SDF file...
INFO: [SIM-utils-28] write_sdf -mode timesim -process_corner slow -force -file "F:/VivadoProject/MobileCharger/MobileCharger.sim/sim_1/synth/timing/ControlCircuit_tb_time_synth.sdf"
INFO: [SIM-utils-36] Netlist generated:F:/VivadoProject/MobileCharger/MobileCharger.sim/sim_1/synth/timing/ControlCircuit_tb_time_synth.v
INFO: [SIM-utils-37] SDF generated:F:/VivadoProject/MobileCharger/MobileCharger.sim/sim_1/synth/timing/ControlCircuit_tb_time_synth.sdf
INFO: [USF-XSim-37] Inspecting design source files for 'ControlCircuit_tb' in fileset 'sim_1'...
INFO: [USF-XSim-2] XSim::Compile design
INFO: [USF-XSim-61] Executing 'COMPILE and ANALYZE' step in 'F:/VivadoProject/MobileCharger/MobileCharger.sim/sim_1/synth/timing'
"xvlog -m64 --relax -prj ControlCircuit_tb_vlog.prj"
INFO: [VRFC 10-2263] Analyzing Verilog file "F:/VivadoProject/MobileCharger/MobileCharger.sim/sim_1/synth/timing/ControlCircuit_tb_time_synth.v" into library xil_defaultlib
INFO: [VRFC 10-311] analyzing module ControlCircuit
INFO: [VRFC 10-311] analyzing module CoreState
INFO: [VRFC 10-311] analyzing module DelayPosedge
INFO: [VRFC 10-311] analyzing module Money_Time
INFO: [VRFC 10-311] analyzing module PosedgeShift
INFO: [VRFC 10-311] analyzing module PreKey
INFO: [VRFC 10-311] analyzing module Shift
INFO: [VRFC 10-311] analyzing module StartButton
INFO: [VRFC 10-311] analyzing module TensTimer
INFO: [VRFC 10-311] analyzing module TimeCountDown
INFO: [VRFC 10-311] analyzing module glbl
INFO: [VRFC 10-2263] Analyzing Verilog file "F:/VivadoProject/MobileCharger/MobileCharger.srcs/sim_1/new/ControlCircuit_tb.v" into library xil_defaultlib
INFO: [VRFC 10-311] analyzing module ControlCircuit_tb
INFO: [USF-XSim-69] 'compile' step finished in '3' seconds
INFO: [USF-XSim-3] XSim::Elaborate design
INFO: [USF-XSim-61] Executing 'ELABORATE' step in 'F:/VivadoProject/MobileCharger/MobileCharger.sim/sim_1/synth/timing'
Vivado Simulator 2016.4
Copyright 1986-1999, 2001-2016 Xilinx, Inc. All Rights Reserved.
Running: E:/Vivado/install/Vivado/2016.4/bin/unwrapped/win64.o/xelab.exe -wto 9f0f1e8bc73d4bf795df71d15bf614ec --debug typical --relax --mt 2 --maxdelay -L xil_defaultlib -L simprims_ver -L secureip --snapshot ControlCircuit_tb_time_synth -transport_int_delays -pulse_r 0 -pulse_int_r 0 -pulse_e 0 -pulse_int_e 0 xil_defaultlib.ControlCircuit_tb xil_defaultlib.glbl -log elaborate.log 
Using 2 slave threads.
Starting static elaboration
Completed static elaboration
Starting simulation data flow analysis
Completed simulation data flow analysis
INFO: [XSIM 43-3451] SDF backannotation process started with SDF file "ControlCircuit_tb_time_synth.sdf", for root module "ControlCircuit_tb/CC".
INFO: [XSIM 43-3452] SDF backannotation was successful for SDF file "ControlCircuit_tb_time_synth.sdf", for root module "ControlCircuit_tb/CC".
Time Resolution for simulation is 1ps
Compiling module simprims_ver.LUT6
Compiling module simprims_ver.x_lut2_mux4
Compiling module simprims_ver.LUT2
Compiling module simprims_ver.x_lut3_mux4
Compiling module simprims_ver.x_lut3_mux4_reduced_0
Compiling module simprims_ver.LUT3
Compiling module simprims_ver.CARRY4
Compiling module simprims_ver.LUT5
Compiling module simprims_ver.LUT4
Compiling module simprims_ver.ffsrce_fdce
Compiling module simprims_ver.FDCE
Compiling module xil_defaultlib.CoreState
Compiling module simprims_ver.sffsrce_fdre
Compiling module simprims_ver.FDRE
Compiling module simprims_ver.sffsrce_fdse
Compiling module simprims_ver.FDSE
Compiling module xil_defaultlib.Money_Time
Compiling module xil_defaultlib.PreKey
Compiling module simprims_ver.x_lut1_mux2
Compiling module simprims_ver.LUT1
Compiling module xil_defaultlib.DelayPosedge
Compiling module xil_defaultlib.PosedgeShift
Compiling module xil_defaultlib.Shift
Compiling module xil_defaultlib.StartButton
Compiling module xil_defaultlib.TensTimer
Compiling module simprims_ver.FDRE(INIT=1'b1)
Compiling module xil_defaultlib.TimeCountDown
Compiling module simprims_ver.BUFG
Compiling module simprims_ver.IBUF
Compiling module simprims_ver.OBUF
Compiling module xil_defaultlib.ControlCircuit
Compiling module xil_defaultlib.ControlCircuit_tb
Compiling module xil_defaultlib.glbl
Built simulation snapshot ControlCircuit_tb_time_synth

****** Webtalk v2016.4 (64-bit)
  **** SW Build 1756540 on Mon Jan 23 19:11:23 MST 2017
  **** IP Build 1755317 on Mon Jan 23 20:30:07 MST 2017
    ** Copyright 1986-2016 Xilinx, Inc. All Rights Reserved.

source F:/VivadoProject/MobileCharger/MobileCharger.sim/sim_1/synth/timing/xsim.dir/ControlCircuit_tb_time_synth/webtalk/xsim_webtalk.tcl -notrace
INFO: [Common 17-186] 'F:/VivadoProject/MobileCharger/MobileCharger.sim/sim_1/synth/timing/xsim.dir/ControlCircuit_tb_time_synth/webtalk/usage_statistics_ext_xsim.xml' has been successfully sent to Xilinx on Thu Jun 01 10:53:57 2017. For additional details about this file, please refer to the WebTalk help file at E:/Vivado/install/Vivado/2016.4/doc/webtalk_introduction.html.
webtalk_transmit: Time (s): cpu = 00:00:00 ; elapsed = 00:00:07 . Memory (MB): peak = 49.258 ; gain = 0.125
INFO: [Common 17-206] Exiting Webtalk at Thu Jun 01 10:53:57 2017...
run_program: Time (s): cpu = 00:00:01 ; elapsed = 00:00:25 . Memory (MB): peak = 1579.379 ; gain = 0.000
INFO: [USF-XSim-69] 'elaborate' step finished in '25' seconds
INFO: [USF-XSim-4] XSim::Simulate design
INFO: [USF-XSim-61] Executing 'SIMULATE' step in 'F:/VivadoProject/MobileCharger/MobileCharger.sim/sim_1/synth/timing'
INFO: [USF-XSim-98] *** Running xsim
   with args "ControlCircuit_tb_time_synth -key {Post-Synthesis:sim_1:Timing:ControlCircuit_tb} -tclbatch {ControlCircuit_tb.tcl} -log {simulate.log}"
INFO: [USF-XSim-8] Loading simulator feature
Vivado Simulator 2016.4
Time resolution is 1 ps
source ControlCircuit_tb.tcl
# set curr_wave [current_wave_config]
# if { [string length $curr_wave] == 0 } {
#   if { [llength [get_objects]] > 0} {
#     add_wave /
#     set_property needs_save false [current_wave_config]
#   } else {
#      send_msg_id Add_Wave-1 WARNING "No top level signals found. Simulator will start without a wave window. If you want to open a wave window go to 'File->New Waveform Configuration' or type 'create_wave_config' in the TCL console."
#   }
# }
# run 1000ns
INFO: [USF-XSim-96] XSim completed. Design snapshot 'ControlCircuit_tb_time_synth' loaded.
INFO: [USF-XSim-97] XSim simulation ran for 1000ns
launch_simulation: Time (s): cpu = 00:00:57 ; elapsed = 00:01:03 . Memory (MB): peak = 1625.750 ; gain = 815.664
run 10 us
run 10 us
run 10 us
run 10 us
run 50 us
set_property top MobileCharger_TOP [current_fileset]
synth_design -rtl -name rtl_1
Command: synth_design -rtl -name rtl_1
Starting synth_design
Using part: xc7a35tcpg236-1
Top: MobileCharger_TOP
---------------------------------------------------------------------------------
Starting RTL Elaboration : Time (s): cpu = 00:02:34 ; elapsed = 00:04:59 . Memory (MB): peak = 1676.711 ; gain = 1467.652
---------------------------------------------------------------------------------
INFO: [Synth 8-638] synthesizing module 'MobileCharger_TOP' [F:/VivadoProject/MobileCharger/MobileCharger.srcs/sources_1/new/MobileCharger_TOP.v:23]
INFO: [Synth 8-638] synthesizing module 'FreqDiv' [F:/VivadoProject/MobileCharger/MobileCharger.srcs/sources_1/new/FreqDiv.v:23]
	Parameter Par_100M bound to: 50000000 - type: integer 
	Parameter Par_1k bound to: 500 - type: integer 
INFO: [Synth 8-256] done synthesizing module 'FreqDiv' (1#1) [F:/VivadoProject/MobileCharger/MobileCharger.srcs/sources_1/new/FreqDiv.v:23]
WARNING: [Synth 8-350] instance 'FreqDiv' of module 'FreqDiv' requires 6 connections, but only 3 given [F:/VivadoProject/MobileCharger/MobileCharger.srcs/sources_1/new/MobileCharger_TOP.v:42]
INFO: [Synth 8-638] synthesizing module 'ControlCircuit' [F:/VivadoProject/MobileCharger/MobileCharger.srcs/sources_1/new/ControlCircuit.v:23]
INFO: [Synth 8-638] synthesizing module 'PreKey' [F:/VivadoProject/MobileCharger/MobileCharger.srcs/sources_1/new/PreKey.v:23]
	Parameter INITIAL bound to: 0 - type: integer 
	Parameter ZERO bound to: 1 - type: integer 
	Parameter COIN bound to: 2 - type: integer 
	Parameter COUNTDOWN bound to: 3 - type: integer 
INFO: [Synth 8-256] done synthesizing module 'PreKey' (2#1) [F:/VivadoProject/MobileCharger/MobileCharger.srcs/sources_1/new/PreKey.v:23]
INFO: [Synth 8-638] synthesizing module 'Shift' [F:/VivadoProject/MobileCharger/MobileCharger.srcs/sources_1/new/Shift.v:23]
INFO: [Synth 8-638] synthesizing module 'PosedgeShift' [F:/VivadoProject/MobileCharger/MobileCharger.srcs/sources_1/new/PosedgeShift.v:23]
INFO: [Synth 8-256] done synthesizing module 'PosedgeShift' (3#1) [F:/VivadoProject/MobileCharger/MobileCharger.srcs/sources_1/new/PosedgeShift.v:23]
INFO: [Synth 8-638] synthesizing module 'DelayPosedge' [F:/VivadoProject/MobileCharger/MobileCharger.srcs/sources_1/new/DelayPosedge.v:23]
INFO: [Synth 8-256] done synthesizing module 'DelayPosedge' (4#1) [F:/VivadoProject/MobileCharger/MobileCharger.srcs/sources_1/new/DelayPosedge.v:23]
INFO: [Synth 8-256] done synthesizing module 'Shift' (5#1) [F:/VivadoProject/MobileCharger/MobileCharger.srcs/sources_1/new/Shift.v:23]
WARNING: [Synth 8-350] instance 'Shift' of module 'Shift' requires 8 connections, but only 6 given [F:/VivadoProject/MobileCharger/MobileCharger.srcs/sources_1/new/ControlCircuit.v:69]
INFO: [Synth 8-638] synthesizing module 'Money_Time' [F:/VivadoProject/MobileCharger/MobileCharger.srcs/sources_1/new/Money_Time.v:23]
INFO: [Synth 8-256] done synthesizing module 'Money_Time' (6#1) [F:/VivadoProject/MobileCharger/MobileCharger.srcs/sources_1/new/Money_Time.v:23]
INFO: [Synth 8-638] synthesizing module 'TimeCountDown' [F:/VivadoProject/MobileCharger/MobileCharger.srcs/sources_1/new/TimeCountDown.v:23]
	Parameter COUNTDOWN bound to: 2'b11 
INFO: [Synth 8-256] done synthesizing module 'TimeCountDown' (7#1) [F:/VivadoProject/MobileCharger/MobileCharger.srcs/sources_1/new/TimeCountDown.v:23]
INFO: [Synth 8-638] synthesizing module 'StartButton' [F:/VivadoProject/MobileCharger/MobileCharger.srcs/sources_1/new/StartButton.v:23]
	Parameter INITIAL bound to: 2'b00 
INFO: [Synth 8-256] done synthesizing module 'StartButton' (8#1) [F:/VivadoProject/MobileCharger/MobileCharger.srcs/sources_1/new/StartButton.v:23]
INFO: [Synth 8-638] synthesizing module 'TensTimer' [F:/VivadoProject/MobileCharger/MobileCharger.srcs/sources_1/new/TensTimer.v:23]
	Parameter ZERO bound to: 2'b01 
INFO: [Synth 8-256] done synthesizing module 'TensTimer' (9#1) [F:/VivadoProject/MobileCharger/MobileCharger.srcs/sources_1/new/TensTimer.v:23]
INFO: [Synth 8-638] synthesizing module 'CoreState' [F:/VivadoProject/MobileCharger/MobileCharger.srcs/sources_1/new/CoreState.v:25]
	Parameter INITIAL bound to: 0 - type: integer 
	Parameter ZERO bound to: 1 - type: integer 
	Parameter COIN bound to: 2 - type: integer 
	Parameter COUNTDOWN bound to: 3 - type: integer 
INFO: [Synth 8-256] done synthesizing module 'CoreState' (10#1) [F:/VivadoProject/MobileCharger/MobileCharger.srcs/sources_1/new/CoreState.v:25]
INFO: [Synth 8-256] done synthesizing module 'ControlCircuit' (11#1) [F:/VivadoProject/MobileCharger/MobileCharger.srcs/sources_1/new/ControlCircuit.v:23]
INFO: [Synth 8-638] synthesizing module 'KeyDriver' [F:/VivadoProject/MobileCharger/MobileCharger.srcs/sources_1/new/KeyDriver.v:23]
	Parameter SCAN_COL0 bound to: 4'b1110 
	Parameter SCAN_COL1 bound to: 4'b1101 
	Parameter SCAN_COL2 bound to: 4'b1011 
	Parameter SCAN_COL3 bound to: 4'b0111 
	Parameter NO_KEY_PRESSED bound to: 4'b0000 
	Parameter KEY_PRESSED bound to: 4'b1111 
INFO: [Synth 8-155] case statement is not full and has no default [F:/VivadoProject/MobileCharger/MobileCharger.srcs/sources_1/new/KeyDriver.v:64]
INFO: [Synth 8-155] case statement is not full and has no default [F:/VivadoProject/MobileCharger/MobileCharger.srcs/sources_1/new/KeyDriver.v:143]
INFO: [Synth 8-155] case statement is not full and has no default [F:/VivadoProject/MobileCharger/MobileCharger.srcs/sources_1/new/KeyDriver.v:109]
INFO: [Synth 8-256] done synthesizing module 'KeyDriver' (12#1) [F:/VivadoProject/MobileCharger/MobileCharger.srcs/sources_1/new/KeyDriver.v:23]
INFO: [Synth 8-638] synthesizing module 'DISP' [F:/VivadoProject/MobileCharger/MobileCharger.srcs/sources_1/new/DISP.v:23]
INFO: [Synth 8-638] synthesizing module 'DISP_Scan' [F:/VivadoProject/MobileCharger/MobileCharger.srcs/sources_1/new/DISP_Scan.v:23]
	Parameter reg0 bound to: 8'b00000011 
	Parameter reg1 bound to: 8'b10011111 
	Parameter reg2 bound to: 8'b00100101 
	Parameter reg3 bound to: 8'b00001101 
	Parameter reg4 bound to: 8'b10011001 
	Parameter reg5 bound to: 8'b01001001 
	Parameter reg6 bound to: 8'b01000001 
	Parameter reg7 bound to: 8'b00011111 
	Parameter reg8 bound to: 8'b00000001 
	Parameter reg9 bound to: 8'b00001001 
	Parameter rega bound to: 8'b00010001 
	Parameter regb bound to: 8'b11000001 
	Parameter regc bound to: 8'b01100011 
	Parameter regd bound to: 8'b10000101 
	Parameter rege bound to: 8'b01100001 
	Parameter regf bound to: 8'b01110001 
INFO: [Synth 8-256] done synthesizing module 'DISP_Scan' (13#1) [F:/VivadoProject/MobileCharger/MobileCharger.srcs/sources_1/new/DISP_Scan.v:23]
INFO: [Synth 8-638] synthesizing module 'DISP_Select' [F:/VivadoProject/MobileCharger/MobileCharger.srcs/sources_1/new/DISP_Select.v:23]
	Parameter S0 bound to: 0 - type: integer 
	Parameter S1 bound to: 1 - type: integer 
	Parameter S2 bound to: 2 - type: integer 
	Parameter S3 bound to: 3 - type: integer 
INFO: [Synth 8-226] default block is never used [F:/VivadoProject/MobileCharger/MobileCharger.srcs/sources_1/new/DISP_Select.v:39]
INFO: [Synth 8-256] done synthesizing module 'DISP_Select' (14#1) [F:/VivadoProject/MobileCharger/MobileCharger.srcs/sources_1/new/DISP_Select.v:23]
INFO: [Synth 8-638] synthesizing module 'SlakeCol' [F:/VivadoProject/MobileCharger/MobileCharger.srcs/sources_1/new/SlakeCol.v:23]
	Parameter INITIAL bound to: 0 - type: integer 
INFO: [Synth 8-256] done synthesizing module 'SlakeCol' (15#1) [F:/VivadoProject/MobileCharger/MobileCharger.srcs/sources_1/new/SlakeCol.v:23]
INFO: [Synth 8-256] done synthesizing module 'DISP' (16#1) [F:/VivadoProject/MobileCharger/MobileCharger.srcs/sources_1/new/DISP.v:23]
INFO: [Synth 8-256] done synthesizing module 'MobileCharger_TOP' (17#1) [F:/VivadoProject/MobileCharger/MobileCharger.srcs/sources_1/new/MobileCharger_TOP.v:23]
---------------------------------------------------------------------------------
Finished RTL Elaboration : Time (s): cpu = 00:02:34 ; elapsed = 00:05:00 . Memory (MB): peak = 1682.805 ; gain = 1473.746
---------------------------------------------------------------------------------

Report Check Netlist: 
+------+------------------+-------+---------+-------+------------------+
|      |Item              |Errors |Warnings |Status |Description       |
+------+------------------+-------+---------+-------+------------------+
|1     |multi_driven_nets |      0|        0|Passed |Multi driven nets |
+------+------------------+-------+---------+-------+------------------+
---------------------------------------------------------------------------------
Finished RTL Optimization Phase 1 : Time (s): cpu = 00:02:34 ; elapsed = 00:05:00 . Memory (MB): peak = 1682.805 ; gain = 1473.746
---------------------------------------------------------------------------------
INFO: [Project 1-570] Preparing netlist for logic optimization

Processing XDC Constraints
Initializing timing engine
Parsing XDC File [F:/VivadoProject/MobileCharger/MobileCharger.srcs/constrs_1/new/MoblieCharger_PIN.xdc]
Finished Parsing XDC File [F:/VivadoProject/MobileCharger/MobileCharger.srcs/constrs_1/new/MoblieCharger_PIN.xdc]
Completed Processing XDC Constraints

INFO: [Opt 31-138] Pushed 0 inverter(s) to 0 load pin(s).
INFO: [Project 1-111] Unisim Transformation Summary:
No Unisim elements were transformed.

RTL Elaboration Complete:  : Time (s): cpu = 00:02:39 ; elapsed = 00:05:02 . Memory (MB): peak = 1815.859 ; gain = 1606.801
41 Infos, 2 Warnings, 0 Critical Warnings and 0 Errors encountered.
synth_design completed successfully
synth_design: Time (s): cpu = 00:00:10 ; elapsed = 00:00:07 . Memory (MB): peak = 1815.859 ; gain = 190.109
set_property top Keyboard_Driver [current_fileset]
set_property top Keyboard_Driver_tb [get_filesets sim_1]
set_property top_lib xil_defaultlib [get_filesets sim_1]
reset_run synth_1
WARNING: [Vivado 12-1017] Problems encountered:
1. Failed to delete one or more files in run directory F:/VivadoProject/MobileCharger/MobileCharger.runs/synth_1

launch_runs synth_1 -jobs 2
INFO: [HDL 9-2216] Analyzing Verilog file "F:/VivadoProject/MobileCharger/MobileCharger.srcs/sources_1/new/ControlCircuit.v" into library work [F:/VivadoProject/MobileCharger/MobileCharger.srcs/sources_1/new/ControlCircuit.v:1]
INFO: [HDL 9-2216] Analyzing Verilog file "F:/VivadoProject/MobileCharger/MobileCharger.srcs/sources_1/new/CoreState.v" into library work [F:/VivadoProject/MobileCharger/MobileCharger.srcs/sources_1/new/CoreState.v:1]
INFO: [HDL 9-2216] Analyzing Verilog file "F:/VivadoProject/MobileCharger/MobileCharger.srcs/sources_1/new/DISP.v" into library work [F:/VivadoProject/MobileCharger/MobileCharger.srcs/sources_1/new/DISP.v:1]
INFO: [HDL 9-2216] Analyzing Verilog file "F:/VivadoProject/MobileCharger/MobileCharger.srcs/sources_1/new/DISP_Scan.v" into library work [F:/VivadoProject/MobileCharger/MobileCharger.srcs/sources_1/new/DISP_Scan.v:1]
INFO: [HDL 9-2216] Analyzing Verilog file "F:/VivadoProject/MobileCharger/MobileCharger.srcs/sources_1/new/DISP_Select.v" into library work [F:/VivadoProject/MobileCharger/MobileCharger.srcs/sources_1/new/DISP_Select.v:1]
INFO: [HDL 9-2216] Analyzing Verilog file "F:/VivadoProject/MobileCharger/MobileCharger.srcs/sources_1/new/DelayPosedge.v" into library work [F:/VivadoProject/MobileCharger/MobileCharger.srcs/sources_1/new/DelayPosedge.v:1]
INFO: [HDL 9-2216] Analyzing Verilog file "F:/VivadoProject/MobileCharger/MobileCharger.srcs/sources_1/new/FreqDiv.v" into library work [F:/VivadoProject/MobileCharger/MobileCharger.srcs/sources_1/new/FreqDiv.v:1]
INFO: [HDL 9-2216] Analyzing Verilog file "F:/VivadoProject/MobileCharger/MobileCharger.srcs/sources_1/new/KeyDriver.v" into library work [F:/VivadoProject/MobileCharger/MobileCharger.srcs/sources_1/new/KeyDriver.v:1]
INFO: [HDL 9-2216] Analyzing Verilog file "F:/VivadoProject/MobileCharger/MobileCharger.srcs/sources_1/new/Keyboard_Driver.v" into library work [F:/VivadoProject/MobileCharger/MobileCharger.srcs/sources_1/new/Keyboard_Driver.v:1]
INFO: [HDL 9-2216] Analyzing Verilog file "F:/VivadoProject/MobileCharger/MobileCharger.srcs/sources_1/new/MobileCharge_TEST.v" into library work [F:/VivadoProject/MobileCharger/MobileCharger.srcs/sources_1/new/MobileCharge_TEST.v:1]
INFO: [HDL 9-2216] Analyzing Verilog file "F:/VivadoProject/MobileCharger/MobileCharger.srcs/sources_1/new/MobileCharger_TOP.v" into library work [F:/VivadoProject/MobileCharger/MobileCharger.srcs/sources_1/new/MobileCharger_TOP.v:1]
INFO: [HDL 9-2216] Analyzing Verilog file "F:/VivadoProject/MobileCharger/MobileCharger.srcs/sources_1/new/Money_Time.v" into library work [F:/VivadoProject/MobileCharger/MobileCharger.srcs/sources_1/new/Money_Time.v:1]
INFO: [HDL 9-2216] Analyzing Verilog file "F:/VivadoProject/MobileCharger/MobileCharger.srcs/sources_1/new/PosedgeShift.v" into library work [F:/VivadoProject/MobileCharger/MobileCharger.srcs/sources_1/new/PosedgeShift.v:1]
INFO: [HDL 9-2216] Analyzing Verilog file "F:/VivadoProject/MobileCharger/MobileCharger.srcs/sources_1/new/PreKey.v" into library work [F:/VivadoProject/MobileCharger/MobileCharger.srcs/sources_1/new/PreKey.v:1]
INFO: [HDL 9-2216] Analyzing Verilog file "F:/VivadoProject/MobileCharger/MobileCharger.srcs/sources_1/new/Shift.v" into library work [F:/VivadoProject/MobileCharger/MobileCharger.srcs/sources_1/new/Shift.v:1]
INFO: [HDL 9-2216] Analyzing Verilog file "F:/VivadoProject/MobileCharger/MobileCharger.srcs/sources_1/new/SlakeCol.v" into library work [F:/VivadoProject/MobileCharger/MobileCharger.srcs/sources_1/new/SlakeCol.v:1]
INFO: [HDL 9-2216] Analyzing Verilog file "F:/VivadoProject/MobileCharger/MobileCharger.srcs/sources_1/new/StartButton.v" into library work [F:/VivadoProject/MobileCharger/MobileCharger.srcs/sources_1/new/StartButton.v:1]
INFO: [HDL 9-2216] Analyzing Verilog file "F:/VivadoProject/MobileCharger/MobileCharger.srcs/sources_1/new/TensTimer.v" into library work [F:/VivadoProject/MobileCharger/MobileCharger.srcs/sources_1/new/TensTimer.v:1]
INFO: [HDL 9-2216] Analyzing Verilog file "F:/VivadoProject/MobileCharger/MobileCharger.srcs/sources_1/new/TimeCountDown.v" into library work [F:/VivadoProject/MobileCharger/MobileCharger.srcs/sources_1/new/TimeCountDown.v:1]
[Thu Jun 01 10:59:06 2017] Launched synth_1...
Run output will be captured here: F:/VivadoProject/MobileCharger/MobileCharger.runs/synth_1/runme.log
current_design synth_1
close_design
launch_simulation -mode post-synthesis -type timing
WARNING: [Vivado 12-3661] Failed to remove file:F:/VivadoProject/MobileCharger/MobileCharger.sim/sim_1/synth/timing/ControlCircuit_tb_time_synth.wdb
WARNING: [Vivado 12-3661] Failed to remove file:F:/VivadoProject/MobileCharger/MobileCharger.sim/sim_1/synth/timing/simulate.log
WARNING: [Vivado 12-3661] Failed to remove file:F:/VivadoProject/MobileCharger/MobileCharger.sim/sim_1/synth/timing/xelab.pb
INFO: [SIM-utils-51] Simulation object is 'sim_1'
Design is defaulting to impl run constrset: constrs_1
Design is defaulting to synth run part: xc7a35tcpg236-1
INFO: [Netlist 29-17] Analyzing 6 Unisim elements for replacement
INFO: [Netlist 29-28] Unisim Transformation completed in 0 CPU seconds
INFO: [Project 1-479] Netlist was created with Vivado 2016.4
INFO: [Project 1-570] Preparing netlist for logic optimization
Parsing XDC File [F:/VivadoProject/MobileCharger/MobileCharger.srcs/constrs_1/new/MoblieCharger_PIN.xdc]
WARNING: [Vivado 12-584] No ports matched 'led_n[1]'. [F:/VivadoProject/MobileCharger/MobileCharger.srcs/constrs_1/new/MoblieCharger_PIN.xdc:5]
CRITICAL WARNING: [Common 17-55] 'set_property' expects at least one object. [F:/VivadoProject/MobileCharger/MobileCharger.srcs/constrs_1/new/MoblieCharger_PIN.xdc:5]
Resolution: If [get_<value>] was used to populate the object, check to make sure this command returns at least one valid object.
WARNING: [Vivado 12-584] No ports matched 'led_n[2]'. [F:/VivadoProject/MobileCharger/MobileCharger.srcs/constrs_1/new/MoblieCharger_PIN.xdc:6]
CRITICAL WARNING: [Common 17-55] 'set_property' expects at least one object. [F:/VivadoProject/MobileCharger/MobileCharger.srcs/constrs_1/new/MoblieCharger_PIN.xdc:6]
Resolution: If [get_<value>] was used to populate the object, check to make sure this command returns at least one valid object.
WARNING: [Vivado 12-584] No ports matched 'led_n[3]'. [F:/VivadoProject/MobileCharger/MobileCharger.srcs/constrs_1/new/MoblieCharger_PIN.xdc:7]
CRITICAL WARNING: [Common 17-55] 'set_property' expects at least one object. [F:/VivadoProject/MobileCharger/MobileCharger.srcs/constrs_1/new/MoblieCharger_PIN.xdc:7]
Resolution: If [get_<value>] was used to populate the object, check to make sure this command returns at least one valid object.
WARNING: [Vivado 12-584] No ports matched 'led_n[4]'. [F:/VivadoProject/MobileCharger/MobileCharger.srcs/constrs_1/new/MoblieCharger_PIN.xdc:8]
CRITICAL WARNING: [Common 17-55] 'set_property' expects at least one object. [F:/VivadoProject/MobileCharger/MobileCharger.srcs/constrs_1/new/MoblieCharger_PIN.xdc:8]
Resolution: If [get_<value>] was used to populate the object, check to make sure this command returns at least one valid object.
WARNING: [Vivado 12-584] No ports matched 'led_n[5]'. [F:/VivadoProject/MobileCharger/MobileCharger.srcs/constrs_1/new/MoblieCharger_PIN.xdc:9]
CRITICAL WARNING: [Common 17-55] 'set_property' expects at least one object. [F:/VivadoProject/MobileCharger/MobileCharger.srcs/constrs_1/new/MoblieCharger_PIN.xdc:9]
Resolution: If [get_<value>] was used to populate the object, check to make sure this command returns at least one valid object.
WARNING: [Vivado 12-584] No ports matched 'led_n[6]'. [F:/VivadoProject/MobileCharger/MobileCharger.srcs/constrs_1/new/MoblieCharger_PIN.xdc:10]
CRITICAL WARNING: [Common 17-55] 'set_property' expects at least one object. [F:/VivadoProject/MobileCharger/MobileCharger.srcs/constrs_1/new/MoblieCharger_PIN.xdc:10]
Resolution: If [get_<value>] was used to populate the object, check to make sure this command returns at least one valid object.
WARNING: [Vivado 12-584] No ports matched 'led_n[7]'. [F:/VivadoProject/MobileCharger/MobileCharger.srcs/constrs_1/new/MoblieCharger_PIN.xdc:11]
CRITICAL WARNING: [Common 17-55] 'set_property' expects at least one object. [F:/VivadoProject/MobileCharger/MobileCharger.srcs/constrs_1/new/MoblieCharger_PIN.xdc:11]
Resolution: If [get_<value>] was used to populate the object, check to make sure this command returns at least one valid object.
WARNING: [Vivado 12-584] No ports matched 'led_n[8]'. [F:/VivadoProject/MobileCharger/MobileCharger.srcs/constrs_1/new/MoblieCharger_PIN.xdc:12]
CRITICAL WARNING: [Common 17-55] 'set_property' expects at least one object. [F:/VivadoProject/MobileCharger/MobileCharger.srcs/constrs_1/new/MoblieCharger_PIN.xdc:12]
Resolution: If [get_<value>] was used to populate the object, check to make sure this command returns at least one valid object.
WARNING: [Vivado 12-584] No ports matched 'AN[0]'. [F:/VivadoProject/MobileCharger/MobileCharger.srcs/constrs_1/new/MoblieCharger_PIN.xdc:17]
CRITICAL WARNING: [Common 17-55] 'set_property' expects at least one object. [F:/VivadoProject/MobileCharger/MobileCharger.srcs/constrs_1/new/MoblieCharger_PIN.xdc:17]
Resolution: If [get_<value>] was used to populate the object, check to make sure this command returns at least one valid object.
WARNING: [Vivado 12-584] No ports matched 'AN[1]'. [F:/VivadoProject/MobileCharger/MobileCharger.srcs/constrs_1/new/MoblieCharger_PIN.xdc:18]
CRITICAL WARNING: [Common 17-55] 'set_property' expects at least one object. [F:/VivadoProject/MobileCharger/MobileCharger.srcs/constrs_1/new/MoblieCharger_PIN.xdc:18]
Resolution: If [get_<value>] was used to populate the object, check to make sure this command returns at least one valid object.
WARNING: [Vivado 12-584] No ports matched 'AN[2]'. [F:/VivadoProject/MobileCharger/MobileCharger.srcs/constrs_1/new/MoblieCharger_PIN.xdc:19]
CRITICAL WARNING: [Common 17-55] 'set_property' expects at least one object. [F:/VivadoProject/MobileCharger/MobileCharger.srcs/constrs_1/new/MoblieCharger_PIN.xdc:19]
Resolution: If [get_<value>] was used to populate the object, check to make sure this command returns at least one valid object.
WARNING: [Vivado 12-584] No ports matched 'AN[3]'. [F:/VivadoProject/MobileCharger/MobileCharger.srcs/constrs_1/new/MoblieCharger_PIN.xdc:20]
CRITICAL WARNING: [Common 17-55] 'set_property' expects at least one object. [F:/VivadoProject/MobileCharger/MobileCharger.srcs/constrs_1/new/MoblieCharger_PIN.xdc:20]
Resolution: If [get_<value>] was used to populate the object, check to make sure this command returns at least one valid object.
WARNING: [Vivado 12-584] No ports matched 'clk_100MHz'. [F:/VivadoProject/MobileCharger/MobileCharger.srcs/constrs_1/new/MoblieCharger_PIN.xdc:21]
CRITICAL WARNING: [Common 17-55] 'set_property' expects at least one object. [F:/VivadoProject/MobileCharger/MobileCharger.srcs/constrs_1/new/MoblieCharger_PIN.xdc:21]
Resolution: If [get_<value>] was used to populate the object, check to make sure this command returns at least one valid object.
WARNING: [Vivado 12-584] No ports matched 'clk_100MHz'. [F:/VivadoProject/MobileCharger/MobileCharger.srcs/constrs_1/new/MoblieCharger_PIN.xdc:27]
CRITICAL WARNING: [Common 17-55] 'set_property' expects at least one object. [F:/VivadoProject/MobileCharger/MobileCharger.srcs/constrs_1/new/MoblieCharger_PIN.xdc:27]
Resolution: If [get_<value>] was used to populate the object, check to make sure this command returns at least one valid object.
WARNING: [Vivado 12-584] No ports matched 'AN[0]'. [F:/VivadoProject/MobileCharger/MobileCharger.srcs/constrs_1/new/MoblieCharger_PIN.xdc:28]
CRITICAL WARNING: [Common 17-55] 'set_property' expects at least one object. [F:/VivadoProject/MobileCharger/MobileCharger.srcs/constrs_1/new/MoblieCharger_PIN.xdc:28]
Resolution: If [get_<value>] was used to populate the object, check to make sure this command returns at least one valid object.
WARNING: [Vivado 12-584] No ports matched 'AN[1]'. [F:/VivadoProject/MobileCharger/MobileCharger.srcs/constrs_1/new/MoblieCharger_PIN.xdc:29]
CRITICAL WARNING: [Common 17-55] 'set_property' expects at least one object. [F:/VivadoProject/MobileCharger/MobileCharger.srcs/constrs_1/new/MoblieCharger_PIN.xdc:29]
Resolution: If [get_<value>] was used to populate the object, check to make sure this command returns at least one valid object.
WARNING: [Vivado 12-584] No ports matched 'AN[2]'. [F:/VivadoProject/MobileCharger/MobileCharger.srcs/constrs_1/new/MoblieCharger_PIN.xdc:30]
CRITICAL WARNING: [Common 17-55] 'set_property' expects at least one object. [F:/VivadoProject/MobileCharger/MobileCharger.srcs/constrs_1/new/MoblieCharger_PIN.xdc:30]
Resolution: If [get_<value>] was used to populate the object, check to make sure this command returns at least one valid object.
WARNING: [Vivado 12-584] No ports matched 'AN[3]'. [F:/VivadoProject/MobileCharger/MobileCharger.srcs/constrs_1/new/MoblieCharger_PIN.xdc:31]
CRITICAL WARNING: [Common 17-55] 'set_property' expects at least one object. [F:/VivadoProject/MobileCharger/MobileCharger.srcs/constrs_1/new/MoblieCharger_PIN.xdc:31]
Resolution: If [get_<value>] was used to populate the object, check to make sure this command returns at least one valid object.
WARNING: [Vivado 12-584] No ports matched 'led_n[1]'. [F:/VivadoProject/MobileCharger/MobileCharger.srcs/constrs_1/new/MoblieCharger_PIN.xdc:33]
CRITICAL WARNING: [Common 17-55] 'set_property' expects at least one object. [F:/VivadoProject/MobileCharger/MobileCharger.srcs/constrs_1/new/MoblieCharger_PIN.xdc:33]
Resolution: If [get_<value>] was used to populate the object, check to make sure this command returns at least one valid object.
WARNING: [Vivado 12-584] No ports matched 'led_n[2]'. [F:/VivadoProject/MobileCharger/MobileCharger.srcs/constrs_1/new/MoblieCharger_PIN.xdc:34]
CRITICAL WARNING: [Common 17-55] 'set_property' expects at least one object. [F:/VivadoProject/MobileCharger/MobileCharger.srcs/constrs_1/new/MoblieCharger_PIN.xdc:34]
Resolution: If [get_<value>] was used to populate the object, check to make sure this command returns at least one valid object.
WARNING: [Vivado 12-584] No ports matched 'led_n[3]'. [F:/VivadoProject/MobileCharger/MobileCharger.srcs/constrs_1/new/MoblieCharger_PIN.xdc:35]
CRITICAL WARNING: [Common 17-55] 'set_property' expects at least one object. [F:/VivadoProject/MobileCharger/MobileCharger.srcs/constrs_1/new/MoblieCharger_PIN.xdc:35]
Resolution: If [get_<value>] was used to populate the object, check to make sure this command returns at least one valid object.
WARNING: [Vivado 12-584] No ports matched 'led_n[4]'. [F:/VivadoProject/MobileCharger/MobileCharger.srcs/constrs_1/new/MoblieCharger_PIN.xdc:36]
CRITICAL WARNING: [Common 17-55] 'set_property' expects at least one object. [F:/VivadoProject/MobileCharger/MobileCharger.srcs/constrs_1/new/MoblieCharger_PIN.xdc:36]
Resolution: If [get_<value>] was used to populate the object, check to make sure this command returns at least one valid object.
WARNING: [Vivado 12-584] No ports matched 'led_n[5]'. [F:/VivadoProject/MobileCharger/MobileCharger.srcs/constrs_1/new/MoblieCharger_PIN.xdc:37]
CRITICAL WARNING: [Common 17-55] 'set_property' expects at least one object. [F:/VivadoProject/MobileCharger/MobileCharger.srcs/constrs_1/new/MoblieCharger_PIN.xdc:37]
Resolution: If [get_<value>] was used to populate the object, check to make sure this command returns at least one valid object.
WARNING: [Vivado 12-584] No ports matched 'led_n[6]'. [F:/VivadoProject/MobileCharger/MobileCharger.srcs/constrs_1/new/MoblieCharger_PIN.xdc:38]
CRITICAL WARNING: [Common 17-55] 'set_property' expects at least one object. [F:/VivadoProject/MobileCharger/MobileCharger.srcs/constrs_1/new/MoblieCharger_PIN.xdc:38]
Resolution: If [get_<value>] was used to populate the object, check to make sure this command returns at least one valid object.
WARNING: [Vivado 12-584] No ports matched 'led_n[7]'. [F:/VivadoProject/MobileCharger/MobileCharger.srcs/constrs_1/new/MoblieCharger_PIN.xdc:39]
CRITICAL WARNING: [Common 17-55] 'set_property' expects at least one object. [F:/VivadoProject/MobileCharger/MobileCharger.srcs/constrs_1/new/MoblieCharger_PIN.xdc:39]
Resolution: If [get_<value>] was used to populate the object, check to make sure this command returns at least one valid object.
WARNING: [Vivado 12-584] No ports matched 'led_n[8]'. [F:/VivadoProject/MobileCharger/MobileCharger.srcs/constrs_1/new/MoblieCharger_PIN.xdc:40]
CRITICAL WARNING: [Common 17-55] 'set_property' expects at least one object. [F:/VivadoProject/MobileCharger/MobileCharger.srcs/constrs_1/new/MoblieCharger_PIN.xdc:40]
Resolution: If [get_<value>] was used to populate the object, check to make sure this command returns at least one valid object.
WARNING: [Vivado 12-584] No ports matched 'rst'. [F:/VivadoProject/MobileCharger/MobileCharger.srcs/constrs_1/new/MoblieCharger_PIN.xdc:50]
CRITICAL WARNING: [Common 17-55] 'set_property' expects at least one object. [F:/VivadoProject/MobileCharger/MobileCharger.srcs/constrs_1/new/MoblieCharger_PIN.xdc:50]
Resolution: If [get_<value>] was used to populate the object, check to make sure this command returns at least one valid object.
WARNING: [Vivado 12-584] No ports matched 'rst'. [F:/VivadoProject/MobileCharger/MobileCharger.srcs/constrs_1/new/MoblieCharger_PIN.xdc:51]
CRITICAL WARNING: [Common 17-55] 'set_property' expects at least one object. [F:/VivadoProject/MobileCharger/MobileCharger.srcs/constrs_1/new/MoblieCharger_PIN.xdc:51]
Resolution: If [get_<value>] was used to populate the object, check to make sure this command returns at least one valid object.
Finished Parsing XDC File [F:/VivadoProject/MobileCharger/MobileCharger.srcs/constrs_1/new/MoblieCharger_PIN.xdc]
INFO: [Opt 31-138] Pushed 0 inverter(s) to 0 load pin(s).
INFO: [Project 1-111] Unisim Transformation Summary:
No Unisim elements were transformed.

INFO: [SIM-utils-24] Writing simulation netlist file for design 'synth_1'...
INFO: [SIM-utils-25] write_verilog -mode timesim -nolib -sdf_anno true -force -file "F:/VivadoProject/MobileCharger/MobileCharger.sim/sim_1/synth/timing/Keyboard_Driver_tb_time_synth.v"
INFO: [SIM-utils-27] Writing SDF file...
INFO: [SIM-utils-28] write_sdf -mode timesim -process_corner slow -force -file "F:/VivadoProject/MobileCharger/MobileCharger.sim/sim_1/synth/timing/Keyboard_Driver_tb_time_synth.sdf"
INFO: [SIM-utils-36] Netlist generated:F:/VivadoProject/MobileCharger/MobileCharger.sim/sim_1/synth/timing/Keyboard_Driver_tb_time_synth.v
INFO: [SIM-utils-37] SDF generated:F:/VivadoProject/MobileCharger/MobileCharger.sim/sim_1/synth/timing/Keyboard_Driver_tb_time_synth.sdf
INFO: [USF-XSim-37] Inspecting design source files for 'Keyboard_Driver_tb' in fileset 'sim_1'...
INFO: [USF-XSim-2] XSim::Compile design
INFO: [USF-XSim-61] Executing 'COMPILE and ANALYZE' step in 'F:/VivadoProject/MobileCharger/MobileCharger.sim/sim_1/synth/timing'
"xvlog -m64 --relax -prj Keyboard_Driver_tb_vlog.prj"
INFO: [VRFC 10-2263] Analyzing Verilog file "F:/VivadoProject/MobileCharger/MobileCharger.sim/sim_1/synth/timing/Keyboard_Driver_tb_time_synth.v" into library xil_defaultlib
INFO: [VRFC 10-311] analyzing module Keyboard_Driver
INFO: [VRFC 10-311] analyzing module glbl
INFO: [VRFC 10-2263] Analyzing Verilog file "F:/VivadoProject/MobileCharger/MobileCharger.srcs/sim_1/new/Keyboard_Driver_tb.v" into library xil_defaultlib
INFO: [VRFC 10-311] analyzing module Keyboard_Driver_tb
INFO: [USF-XSim-69] 'compile' step finished in '2' seconds
INFO: [USF-XSim-3] XSim::Elaborate design
INFO: [USF-XSim-61] Executing 'ELABORATE' step in 'F:/VivadoProject/MobileCharger/MobileCharger.sim/sim_1/synth/timing'
Vivado Simulator 2016.4
Copyright 1986-1999, 2001-2016 Xilinx, Inc. All Rights Reserved.
Running: E:/Vivado/install/Vivado/2016.4/bin/unwrapped/win64.o/xelab.exe -wto 9f0f1e8bc73d4bf795df71d15bf614ec --debug typical --relax --mt 2 --maxdelay -L xil_defaultlib -L simprims_ver -L secureip --snapshot Keyboard_Driver_tb_time_synth -transport_int_delays -pulse_r 0 -pulse_int_r 0 -pulse_e 0 -pulse_int_e 0 xil_defaultlib.Keyboard_Driver_tb xil_defaultlib.glbl -log elaborate.log 
Using 2 slave threads.
Starting static elaboration
Completed static elaboration
Starting simulation data flow analysis
Completed simulation data flow analysis
INFO: [XSIM 43-3451] SDF backannotation process started with SDF file "Keyboard_Driver_tb_time_synth.sdf", for root module "Keyboard_Driver_tb/Keyboard_Driver1".
INFO: [XSIM 43-3452] SDF backannotation was successful for SDF file "Keyboard_Driver_tb_time_synth.sdf", for root module "Keyboard_Driver_tb/Keyboard_Driver1".
Time Resolution for simulation is 1ps
Compiling module simprims_ver.PULLUP
Compiling module simprims_ver.BUFG
Compiling module simprims_ver.IBUF
Compiling module simprims_ver.LUT5
Compiling module simprims_ver.LUT6
Compiling module simprims_ver.OBUF
Compiling module simprims_ver.ffsrce_fdce
Compiling module simprims_ver.FDCE
Compiling module simprims_ver.x_lut1_mux2
Compiling module simprims_ver.LUT1
Compiling module simprims_ver.LUT4
Compiling module simprims_ver.latchsre_ldce
Compiling module simprims_ver.LDCE
Compiling module xil_defaultlib.Keyboard_Driver
Compiling module xil_defaultlib.Keyboard_Driver_tb
Compiling module xil_defaultlib.glbl
Built simulation snapshot Keyboard_Driver_tb_time_synth

****** Webtalk v2016.4 (64-bit)
  **** SW Build 1756540 on Mon Jan 23 19:11:23 MST 2017
  **** IP Build 1755317 on Mon Jan 23 20:30:07 MST 2017
    ** Copyright 1986-2016 Xilinx, Inc. All Rights Reserved.

source F:/VivadoProject/MobileCharger/MobileCharger.sim/sim_1/synth/timing/xsim.dir/Keyboard_Driver_tb_time_synth/webtalk/xsim_webtalk.tcl -notrace
INFO: [Common 17-186] 'F:/VivadoProject/MobileCharger/MobileCharger.sim/sim_1/synth/timing/xsim.dir/Keyboard_Driver_tb_time_synth/webtalk/usage_statistics_ext_xsim.xml' has been successfully sent to Xilinx on Thu Jun 01 11:00:16 2017. For additional details about this file, please refer to the WebTalk help file at E:/Vivado/install/Vivado/2016.4/doc/webtalk_introduction.html.
INFO: [Common 17-206] Exiting Webtalk at Thu Jun 01 11:00:16 2017...
run_program: Time (s): cpu = 00:00:01 ; elapsed = 00:00:14 . Memory (MB): peak = 1819.023 ; gain = 0.000
INFO: [USF-XSim-69] 'elaborate' step finished in '14' seconds
INFO: [USF-XSim-4] XSim::Simulate design
INFO: [USF-XSim-61] Executing 'SIMULATE' step in 'F:/VivadoProject/MobileCharger/MobileCharger.sim/sim_1/synth/timing'
INFO: [USF-XSim-98] *** Running xsim
   with args "Keyboard_Driver_tb_time_synth -key {Post-Synthesis:sim_1:Timing:Keyboard_Driver_tb} -tclbatch {Keyboard_Driver_tb.tcl} -log {simulate.log}"
INFO: [USF-XSim-8] Loading simulator feature
Vivado Simulator 2016.4
Time resolution is 1 ps
source Keyboard_Driver_tb.tcl
# set curr_wave [current_wave_config]
# if { [string length $curr_wave] == 0 } {
#   if { [llength [get_objects]] > 0} {
#     add_wave /
#     set_property needs_save false [current_wave_config]
#   } else {
#      send_msg_id Add_Wave-1 WARNING "No top level signals found. Simulator will start without a wave window. If you want to open a wave window go to 'File->New Waveform Configuration' or type 'create_wave_config' in the TCL console."
#   }
# }
# run 1000ns
INFO: [USF-XSim-96] XSim completed. Design snapshot 'Keyboard_Driver_tb_time_synth' loaded.
INFO: [USF-XSim-97] XSim simulation ran for 1000ns
launch_simulation: Time (s): cpu = 00:00:08 ; elapsed = 00:00:21 . Memory (MB): peak = 1819.023 ; gain = 3.164
run 50 us
set_property top MobileCharger_TOP [current_fileset]
reset_run synth_1
WARNING: [Vivado 12-1017] Problems encountered:
1. Failed to delete one or more files in run directory F:/VivadoProject/MobileCharger/MobileCharger.runs/synth_1

launch_runs impl_1 -to_step write_bitstream -jobs 2
WARNING: [Project 1-478] Design 'synth_1' is stale and will not be used when launching 'impl_1'
[Thu Jun 01 11:02:52 2017] Launched synth_1...
Run output will be captured here: F:/VivadoProject/MobileCharger/MobileCharger.runs/synth_1/runme.log
[Thu Jun 01 11:02:52 2017] Launched impl_1...
Run output will be captured here: F:/VivadoProject/MobileCharger/MobileCharger.runs/impl_1/runme.log
current_sim simulation_1
run 20 us
run 20 us
open_hw
connect_hw_server
INFO: [Labtools 27-2285] Connecting to hw_server url TCP:localhost:3121
INFO: [Labtools 27-2222] Launching hw_server...
INFO: [Labtools 27-2221] Launch Output:

****** Xilinx hw_server v2016.4
  **** Build date : Jan 23 2017-19:37:29
    ** Copyright 1986-2016 Xilinx, Inc. All Rights Reserved.


open_hw_target
INFO: [Labtoolstcl 44-466] Opening hw_target localhost:3121/xilinx_tcf/Digilent/210183A37B6CA
set_property PROGRAM.FILE {F:/VivadoProject/MobileCharger/MobileCharger.runs/impl_1/MobileCharger_TOP.bit} [lindex [get_hw_devices xc7a35t_0] 0]
current_hw_device [lindex [get_hw_devices xc7a35t_0] 0]
refresh_hw_device -update_hw_probes false [lindex [get_hw_devices xc7a35t_0] 0]
INFO: [Labtools 27-1435] Device xc7a35t (JTAG device index = 0) is not programmed (DONE status = 0).
set_property PROBES.FILE {} [lindex [get_hw_devices xc7a35t_0] 0]
set_property PROGRAM.FILE {F:/VivadoProject/MobileCharger/MobileCharger.runs/impl_1/MobileCharger_TOP.bit} [lindex [get_hw_devices xc7a35t_0] 0]
program_hw_devices [lindex [get_hw_devices xc7a35t_0] 0]
INFO: [Labtools 27-3164] End of startup status: HIGH
refresh_hw_device [lindex [get_hw_devices xc7a35t_0] 0]
INFO: [Labtools 27-1434] Device xc7a35t (JTAG device index = 0) is programmed with a design that has no supported debug core(s) in it.
WARNING: [Labtools 27-3123] The debug hub core was not detected at User Scan Chain 1 or 3.
Resolution: 
1. Make sure the clock connected to the debug hub (dbg_hub) core is a free running clock and is active OR
2. Manually launch hw_server with -e "set xsdb-user-bscan <C_USER_SCAN_CHAIN scan_chain_number>" to detect the debug hub at User Scan Chain of 2 or 4. To determine the user scan chain setting, open the implemented design and use: get_property C_USER_SCAN_CHAIN [get_debug_cores dbg_hub].
WARNING: [Labtoolstcl 44-130] No matching hw_ilas were found.
WARNING: [Labtoolstcl 44-130] No matching hw_ilas were found.
WARNING: [Labtoolstcl 44-130] No matching hw_ilas were found.
WARNING: [Labtoolstcl 44-130] No matching hw_ilas were found.
ERROR: [Labtools 27-2269] No devices detected on target localhost:3121/xilinx_tcf/Digilent/210183A37B6CA.
Check cable connectivity and that the target board is powered up then
use the disconnect_hw_server and connect_hw_server to re-register this hardware target.
ERROR: [Labtoolstcl 44-513] HW Target shutdown. Closing target: localhost:3121/xilinx_tcf/Digilent/210183A37B6CA
INFO: [Labtoolstcl 44-466] Opening hw_target localhost:3121/xilinx_tcf/Digilent/210183A37B6CA
INFO: [Labtools 27-1434] Device xc7a35t (JTAG device index = 0) is programmed with a design that has no supported debug core(s) in it.
WARNING: [Labtools 27-3123] The debug hub core was not detected at User Scan Chain 1 or 3.
Resolution: 
1. Make sure the clock connected to the debug hub (dbg_hub) core is a free running clock and is active OR
2. Manually launch hw_server with -e "set xsdb-user-bscan <C_USER_SCAN_CHAIN scan_chain_number>" to detect the debug hub at User Scan Chain of 2 or 4. To determine the user scan chain setting, open the implemented design and use: get_property C_USER_SCAN_CHAIN [get_debug_cores dbg_hub].
WARNING: [Labtoolstcl 44-130] No matching hw_ilas were found.
WARNING: [Labtoolstcl 44-130] No matching hw_ilas were found.
WARNING: [Labtoolstcl 44-130] No matching hw_ilas were found.
WARNING: [Labtoolstcl 44-130] No matching hw_ilas were found.
current_design rtl_1
current_sim simulation_2
close_sim
INFO: [Simtcl 6-16] Simulation closed
close_sim: Time (s): cpu = 00:00:02 ; elapsed = 00:00:08 . Memory (MB): peak = 1950.793 ; gain = 0.000
close_sim
INFO: [Simtcl 6-16] Simulation closed
close_sim: Time (s): cpu = 00:00:00 ; elapsed = 00:00:08 . Memory (MB): peak = 1950.793 ; gain = 0.000
exit
INFO: [Common 17-206] Exiting Vivado at Thu Jun 01 14:21:51 2017...
