Vivado Simulator 2016.4
Copyright 1986-1999, 2001-2016 Xilinx, Inc. All Rights Reserved.
Running: E:/Vivado/install/Vivado/2016.4/bin/unwrapped/win64.o/xelab.exe -wto 9f0f1e8bc73d4bf795df71d15bf614ec --debug typical --relax --mt 2 --maxdelay -L xil_defaultlib -L simprims_ver -L secureip --snapshot Keyboard_Driver_tb_time_synth -transport_int_delays -pulse_r 0 -pulse_int_r 0 -pulse_e 0 -pulse_int_e 0 xil_defaultlib.Keyboard_Driver_tb xil_defaultlib.glbl -log elaborate.log 
Using 2 slave threads.
Starting static elaboration
Completed static elaboration
Starting simulation data flow analysis
Completed simulation data flow analysis
INFO: [XSIM 43-3451] SDF backannotation process started with SDF file "Keyboard_Driver_tb_time_synth.sdf", for root module "Keyboard_Driver_tb/Keyboard_Driver1".
INFO: [XSIM 43-3452] SDF backannotation was successful for SDF file "Keyboard_Driver_tb_time_synth.sdf", for root module "Keyboard_Driver_tb/Keyboard_Driver1".
Time Resolution for simulation is 1ps
Compiling module simprims_ver.PULLUP
Compiling module simprims_ver.BUFG
Compiling module simprims_ver.IBUF
Compiling module simprims_ver.LUT5
Compiling module simprims_ver.LUT6
Compiling module simprims_ver.OBUF
Compiling module simprims_ver.ffsrce_fdce
Compiling module simprims_ver.FDCE
Compiling module simprims_ver.x_lut1_mux2
Compiling module simprims_ver.LUT1
Compiling module simprims_ver.LUT4
Compiling module simprims_ver.latchsre_ldce
Compiling module simprims_ver.LDCE
Compiling module xil_defaultlib.Keyboard_Driver
Compiling module xil_defaultlib.Keyboard_Driver_tb
Compiling module xil_defaultlib.glbl
Built simulation snapshot Keyboard_Driver_tb_time_synth
